2023-08-06 00:24:46.401720 - Initialized conversion of CBT021
2023-08-06 00:24:46.547627 - Received CBT.V505.FILE021.PDS from FILE021.XMI 
2023-08-06 00:24:46.550347 - Found $$$#DATE.txt (text/plain) in CBT.V505.FILE021.PDS, moved to PDS/$$$#DATE
2023-08-06 00:24:46.551403 - Found $DOC.txt (text/plain) in CBT.V505.FILE021.PDS, moved to PDS/$DOC
2023-08-06 00:24:46.552354 - Found $EPILOG.txt (text/plain) in CBT.V505.FILE021.PDS, moved to PDS/$EPILOG
2023-08-06 00:24:46.553327 - Found $PROLOG.txt (text/plain) in CBT.V505.FILE021.PDS, moved to PDS/$PROLOG
2023-08-06 00:24:46.554399 - Found $REGS.txt (text/plain) in CBT.V505.FILE021.PDS, moved to PDS/$REGS
2023-08-06 00:24:46.555473 - Found $STCK.txt (text/plain) in CBT.V505.FILE021.PDS, moved to PDS/$STCK
2023-08-06 00:24:46.556391 - Found @FILE021.txt (text/plain) in CBT.V505.FILE021.PDS, moved to PDS/@FILE021
2023-08-06 00:24:46.557286 - Found DISCBOX.txt (text/plain) in CBT.V505.FILE021.PDS, moved to PDS/DISCBOX
2023-08-06 00:24:46.558191 - Found ENTER.txt (text/plain) in CBT.V505.FILE021.PDS, moved to PDS/ENTER
2023-08-06 00:24:46.559221 - Found IBHDRPLY.txt (text/plain) in CBT.V505.FILE021.PDS, moved to PDS/IBHDRPLY
2023-08-06 00:24:46.560122 - Found IBHJESPM.txt (text/plain) in CBT.V505.FILE021.PDS, moved to PDS/IBHJESPM
2023-08-06 00:24:46.560931 - Found IBHJ2001.txt (text/plain) in CBT.V505.FILE021.PDS, moved to PDS/IBHJ2001
2023-08-06 00:24:46.562019 - Found IBHJ2005.txt (text/plain) in CBT.V505.FILE021.PDS, moved to PDS/IBHJ2005
2023-08-06 00:24:46.563016 - Found IBHJ2015.txt (text/plain) in CBT.V505.FILE021.PDS, moved to PDS/IBHJ2015
2023-08-06 00:24:46.563995 - Found IBHLSPAC.txt (text/plain) in CBT.V505.FILE021.PDS, moved to PDS/IBHLSPAC
2023-08-06 00:24:46.564897 - Found IBHWTORG.txt (text/plain) in CBT.V505.FILE021.PDS, moved to PDS/IBHWTORG
2023-08-06 00:24:46.566029 - Found IBHWTORM.txt (text/plain) in CBT.V505.FILE021.PDS, moved to PDS/IBHWTORM
2023-08-06 00:24:46.567037 - Found LEAVE.txt (text/plain) in CBT.V505.FILE021.PDS, moved to PDS/LEAVE
2023-08-06 00:24:46.568103 - Found OCX.txt (text/plain) in CBT.V505.FILE021.PDS, moved to PDS/OCX
